Traceback (most recent call last):
  File "/usr/local/lib/python3.8/dist-packages/jupyter_cache/executors/utils.py", line 51, in single_nb_execution
    executenb(
  File "/usr/local/lib/python3.8/dist-packages/nbclient/client.py", line 1087, in execute
    return NotebookClient(nb=nb, resources=resources, km=km, **kwargs).execute()
  File "/usr/local/lib/python3.8/dist-packages/nbclient/util.py", line 74, in wrapped
    return just_run(coro(*args, **kwargs))
  File "/usr/local/lib/python3.8/dist-packages/nbclient/util.py", line 53, in just_run
    return loop.run_until_complete(coro)
  File "/usr/lib/python3.8/asyncio/base_events.py", line 616, in run_until_complete
    return future.result()
  File "/usr/local/lib/python3.8/dist-packages/nbclient/client.py", line 540, in async_execute
    await self.async_execute_cell(
  File "/usr/local/lib/python3.8/dist-packages/nbclient/client.py", line 832, in async_execute_cell
    self._check_raise_for_error(cell, exec_reply)
  File "/usr/local/lib/python3.8/dist-packages/nbclient/client.py", line 740, in _check_raise_for_error
    raise CellExecutionError.from_cell_and_msg(cell, exec_reply['content'])
nbclient.exceptions.CellExecutionError: An error occurred while executing the following cell:
------------------
import dolfinx.plotting
import matplotlib.pyplot as plt
def plot_with_colorbar(u):    
    min_color = min(u_n.vector.array)
    max_color = max(u_n.vector.array)
    c = dolfinx.plotting.plot(u_n,vmin=min_color, vmax=max_color, title="Time: {0:.2f}".format(t))
    plt.colorbar(c)
    plt.show()

# Plot initial condition
plot_with_colorbar(u_n)

------------------

[0;31m---------------------------------------------------------------------------[0m
[0;31mModuleNotFoundError[0m                       Traceback (most recent call last)
[0;32m<ipython-input-7-50facb37b5dc>[0m in [0;36m<module>[0;34m[0m
[0;32m----> 1[0;31m [0;32mimport[0m [0mdolfinx[0m[0;34m.[0m[0mplotting[0m[0;34m[0m[0;34m[0m[0m
[0m[1;32m      2[0m [0;32mimport[0m [0mmatplotlib[0m[0;34m.[0m[0mpyplot[0m [0;32mas[0m [0mplt[0m[0;34m[0m[0;34m[0m[0m
[1;32m      3[0m [0;32mdef[0m [0mplot_with_colorbar[0m[0;34m([0m[0mu[0m[0;34m)[0m[0;34m:[0m[0;34m[0m[0;34m[0m[0m
[1;32m      4[0m     [0mmin_color[0m [0;34m=[0m [0mmin[0m[0;34m([0m[0mu_n[0m[0;34m.[0m[0mvector[0m[0;34m.[0m[0marray[0m[0;34m)[0m[0;34m[0m[0;34m[0m[0m
[1;32m      5[0m     [0mmax_color[0m [0;34m=[0m [0mmax[0m[0;34m([0m[0mu_n[0m[0;34m.[0m[0mvector[0m[0;34m.[0m[0marray[0m[0;34m)[0m[0;34m[0m[0;34m[0m[0m

[0;31mModuleNotFoundError[0m: No module named 'dolfinx.plotting'
ModuleNotFoundError: No module named 'dolfinx.plotting'

