Traceback (most recent call last):
  File "/usr/local/lib/python3.8/dist-packages/jupyter_cache/executors/utils.py", line 51, in single_nb_execution
    executenb(
  File "/usr/local/lib/python3.8/dist-packages/nbclient/client.py", line 1087, in execute
    return NotebookClient(nb=nb, resources=resources, km=km, **kwargs).execute()
  File "/usr/local/lib/python3.8/dist-packages/nbclient/util.py", line 74, in wrapped
    return just_run(coro(*args, **kwargs))
  File "/usr/local/lib/python3.8/dist-packages/nbclient/util.py", line 53, in just_run
    return loop.run_until_complete(coro)
  File "/usr/lib/python3.8/asyncio/base_events.py", line 616, in run_until_complete
    return future.result()
  File "/usr/local/lib/python3.8/dist-packages/nbclient/client.py", line 540, in async_execute
    await self.async_execute_cell(
  File "/usr/local/lib/python3.8/dist-packages/nbclient/client.py", line 832, in async_execute_cell
    self._check_raise_for_error(cell, exec_reply)
  File "/usr/local/lib/python3.8/dist-packages/nbclient/client.py", line 740, in _check_raise_for_error
    raise CellExecutionError.from_cell_and_msg(cell, exec_reply['content'])
nbclient.exceptions.CellExecutionError: An error occurred while executing the following cell:
------------------
if rank == 0:
    num_velocity_dofs = V.dofmap.index_map_bs * V.dofmap.index_map.size_global
    num_pressure_dofs = Q.dofmap.index_map_bs * V.dofmap.index_map.size_global
    
    turek = np.loadtxt("bdforces_lv4")
    turek_p = np.loadtxt("pointvalues_lv4")
    import matplotlib.pyplot as plt
    fig = plt.figure(figsize=(25,8))
    l1 = plt.plot(t_u, C_D, label=r"FEniCS-X  ({0:d} dofs)".format(num_velocity_dofs+num_pressure_dofs),linewidth=2)
    l2 = plt.plot(turek[1:,1], turek[1:,3], marker="x", markevery=50, 
                linestyle="", markersize=4, label="FEATFLOW (42016 dofs)")
    plt.title("Drag coefficient")
    plt.grid()
    plt.legend()
    plt.savefig("drag_comparison.png")

    fig = plt.figure(figsize=(25,8))
    l1 = plt.plot(t_u, C_L, label=r"FEniCS-X  ({0:d} dofs)".format(
        num_velocity_dofs+num_pressure_dofs),linewidth=2)
    l2 = plt.plot(turek[1:,1], turek[1:,4], marker="x", markevery=50, 
                linestyle="", markersize=4, label="FEATFLOW (42016 dofs)")
    plt.title("Lift coefficient")
    plt.grid()
    plt.legend()
    plt.savefig("lift_comparison.png")

    fig = plt.figure(figsize=(25,8))
    l1 = plt.plot(t_p, p_diff, label=r"FEniCS-X ({0:d} dofs)".format(num_velocity_dofs+num_pressure_dofs),linewidth=2)
    l2 = plt.plot(turek[1:,1], turek_p[1:,6]-turek_p[1:,-1], marker="x", markevery=50, 
                linestyle="", markersize=4, label="FEATFLOW (42016 dofs)")
    plt.title("Pressure difference")
    plt.grid()
    plt.legend()
    plt.savefig("pressure_comparison.png")

------------------

[0;31m---------------------------------------------------------------------------[0m
[0;31mModuleNotFoundError[0m                       Traceback (most recent call last)
[0;32m<ipython-input-18-f17788f6378e>[0m in [0;36m<module>[0;34m[0m
[1;32m      5[0m     [0mturek[0m [0;34m=[0m [0mnp[0m[0;34m.[0m[0mloadtxt[0m[0;34m([0m[0;34m"bdforces_lv4"[0m[0;34m)[0m[0;34m[0m[0;34m[0m[0m
[1;32m      6[0m     [0mturek_p[0m [0;34m=[0m [0mnp[0m[0;34m.[0m[0mloadtxt[0m[0;34m([0m[0;34m"pointvalues_lv4"[0m[0;34m)[0m[0;34m[0m[0;34m[0m[0m
[0;32m----> 7[0;31m     [0;32mimport[0m [0mmatplotlib[0m[0;34m.[0m[0mpyplot[0m [0;32mas[0m [0mplt[0m[0;34m[0m[0;34m[0m[0m
[0m[1;32m      8[0m     [0mfig[0m [0;34m=[0m [0mplt[0m[0;34m.[0m[0mfigure[0m[0;34m([0m[0mfigsize[0m[0;34m=[0m[0;34m([0m[0;36m25[0m[0;34m,[0m[0;36m8[0m[0;34m)[0m[0;34m)[0m[0;34m[0m[0;34m[0m[0m
[1;32m      9[0m     [0ml1[0m [0;34m=[0m [0mplt[0m[0;34m.[0m[0mplot[0m[0;34m([0m[0mt_u[0m[0;34m,[0m [0mC_D[0m[0;34m,[0m [0mlabel[0m[0;34m=[0m[0;34mr"FEniCS-X  ({0:d} dofs)"[0m[0;34m.[0m[0mformat[0m[0;34m([0m[0mnum_velocity_dofs[0m[0;34m+[0m[0mnum_pressure_dofs[0m[0;34m)[0m[0;34m,[0m[0mlinewidth[0m[0;34m=[0m[0;36m2[0m[0;34m)[0m[0;34m[0m[0;34m[0m[0m

[0;31mModuleNotFoundError[0m: No module named 'matplotlib'
ModuleNotFoundError: No module named 'matplotlib'

