Traceback (most recent call last):
  File "/usr/local/lib/python3.8/dist-packages/jupyter_cache/executors/utils.py", line 51, in single_nb_execution
    executenb(
  File "/usr/local/lib/python3.8/dist-packages/nbclient/client.py", line 1087, in execute
    return NotebookClient(nb=nb, resources=resources, km=km, **kwargs).execute()
  File "/usr/local/lib/python3.8/dist-packages/nbclient/util.py", line 74, in wrapped
    return just_run(coro(*args, **kwargs))
  File "/usr/local/lib/python3.8/dist-packages/nbclient/util.py", line 53, in just_run
    return loop.run_until_complete(coro)
  File "/usr/lib/python3.8/asyncio/base_events.py", line 616, in run_until_complete
    return future.result()
  File "/usr/local/lib/python3.8/dist-packages/nbclient/client.py", line 540, in async_execute
    await self.async_execute_cell(
  File "/usr/local/lib/python3.8/dist-packages/nbclient/client.py", line 832, in async_execute_cell
    self._check_raise_for_error(cell, exec_reply)
  File "/usr/local/lib/python3.8/dist-packages/nbclient/client.py", line 740, in _check_raise_for_error
    raise CellExecutionError.from_cell_and_msg(cell, exec_reply['content'])
nbclient.exceptions.CellExecutionError: An error occurred while executing the following cell:
------------------
# Solve linear variational problem
a = ufl.lhs(F)
L = ufl.rhs(F)
problem = dolfinx.fem.LinearProblem(a, L, bcs=bcs,
petsc_options={"ksp_type": "preonly", "pc_type": "lu"})
uh = problem.solve()

# Visualize solution
import dolfinx.plotting
import matplotlib.pyplot as plt
min_color = min(uh.vector.array)
max_color = max(uh.vector.array)
plt.figure(figsize=(14,12))
c = dolfinx.plotting.plot(uh,vmin=min_color, vmax=max_color)
dolfinx.plotting.plot(mesh, color="k")
plt.colorbar(c)
plt.show()
------------------

[0;31m---------------------------------------------------------------------------[0m
[0;31mModuleNotFoundError[0m                       Traceback (most recent call last)
[0;32m<ipython-input-9-fb1bdc7b3322>[0m in [0;36m<module>[0;34m[0m
[1;32m      7[0m [0;34m[0m[0m
[1;32m      8[0m [0;31m# Visualize solution[0m[0;34m[0m[0;34m[0m[0;34m[0m[0m
[0;32m----> 9[0;31m [0;32mimport[0m [0mdolfinx[0m[0;34m.[0m[0mplotting[0m[0;34m[0m[0;34m[0m[0m
[0m[1;32m     10[0m [0;32mimport[0m [0mmatplotlib[0m[0;34m.[0m[0mpyplot[0m [0;32mas[0m [0mplt[0m[0;34m[0m[0;34m[0m[0m
[1;32m     11[0m [0mmin_color[0m [0;34m=[0m [0mmin[0m[0;34m([0m[0muh[0m[0;34m.[0m[0mvector[0m[0;34m.[0m[0marray[0m[0;34m)[0m[0;34m[0m[0;34m[0m[0m

[0;31mModuleNotFoundError[0m: No module named 'dolfinx.plotting'
ModuleNotFoundError: No module named 'dolfinx.plotting'

